50 8 8 28
----------------------------------------------
AceMesh Scheduler's Version Info:
Git Version Number: 305297d66e33248c6297da003b7c74cb0e0005b1 
git date: 2020-09-03 10:57:58
the Compile (Build) Time of this Lib is 2021-04-18 23:07:58
/*********************************************/
Current Configurations of the Scheduler:       
BASIC SCHEDULER            : ACEMESH_OWN 
DETAILED STRATEGY          : stack,
HIER_EXEC                  : OFF
CPU_BIND                   : ON 
PAR_REGISTER               : OFF
DAG_PARTITION              : NONE 
SCHEDULER_PROFILING        : OFF 
DEBUG_GRAPH                : OFF 
PAPI                       : OFF 
NOT_MPI_STRATEGY           : ON 
SPECIFY_END_TASKS          : OFF
MEMORY_POOL                : OFF
ALL_CYCLIC                 : OFF
/*********************************************/
endTask refcount: 64
--exec time : 0.0814386
endTask refcount: 4096
--exec time : 1.67096
total task num: 204864
remote_access_task_num:0, local_access_task_num:417792, non_alloc_task_num:0
LOCAL ACCESS RETIO: 1
exec time : 1.67096
total task num : 204864
total time: 1.860052
begin check
correct
50 8 8 28
----------------------------------------------
AceMesh Scheduler's Version Info:
Git Version Number: 305297d66e33248c6297da003b7c74cb0e0005b1 
git date: 2020-09-03 10:57:58
the Compile (Build) Time of this Lib is 2021-04-18 23:07:58
/*********************************************/
Current Configurations of the Scheduler:       
BASIC SCHEDULER            : ACEMESH_OWN 
DETAILED STRATEGY          : stack,
HIER_EXEC                  : OFF
CPU_BIND                   : ON 
PAR_REGISTER               : OFF
DAG_PARTITION              : NONE 
SCHEDULER_PROFILING        : OFF 
DEBUG_GRAPH                : OFF 
PAPI                       : OFF 
NOT_MPI_STRATEGY           : ON 
SPECIFY_END_TASKS          : OFF
MEMORY_POOL                : OFF
ALL_CYCLIC                 : OFF
/*********************************************/
endTask refcount: 64
--exec time : 0.0860838
endTask refcount: 4096
--exec time : 1.62905
total task num: 204864
remote_access_task_num:3134, local_access_task_num:414658, non_alloc_task_num:0
LOCAL ACCESS RETIO: 0.992499
exec time : 1.62905
total task num : 204864
total time: 1.834199
begin check
correct
50 8 8 28
----------------------------------------------
AceMesh Scheduler's Version Info:
Git Version Number: 305297d66e33248c6297da003b7c74cb0e0005b1 
git date: 2020-09-03 10:57:58
the Compile (Build) Time of this Lib is 2021-04-18 23:07:58
/*********************************************/
Current Configurations of the Scheduler:       
BASIC SCHEDULER            : ACEMESH_OWN 
DETAILED STRATEGY          : stack,
HIER_EXEC                  : OFF
CPU_BIND                   : ON 
PAR_REGISTER               : OFF
DAG_PARTITION              : NONE 
SCHEDULER_PROFILING        : OFF 
DEBUG_GRAPH                : OFF 
PAPI                       : OFF 
NOT_MPI_STRATEGY           : ON 
SPECIFY_END_TASKS          : OFF
MEMORY_POOL                : OFF
ALL_CYCLIC                 : OFF
/*********************************************/
endTask refcount: 64
--exec time : 0.0891169
endTask refcount: 4096
--exec time : 1.62957
total task num: 204864
remote_access_task_num:3220, local_access_task_num:414572, non_alloc_task_num:0
LOCAL ACCESS RETIO: 0.992293
exec time : 1.62957
total task num : 204864
total time: 1.844951
begin check
correct
50 8 8 28
----------------------------------------------
AceMesh Scheduler's Version Info:
Git Version Number: 305297d66e33248c6297da003b7c74cb0e0005b1 
git date: 2020-09-03 10:57:58
the Compile (Build) Time of this Lib is 2021-04-18 23:07:58
/*********************************************/
Current Configurations of the Scheduler:       
BASIC SCHEDULER            : ACEMESH_OWN 
DETAILED STRATEGY          : stack,
HIER_EXEC                  : OFF
CPU_BIND                   : ON 
PAR_REGISTER               : OFF
DAG_PARTITION              : NONE 
SCHEDULER_PROFILING        : OFF 
DEBUG_GRAPH                : OFF 
PAPI                       : OFF 
NOT_MPI_STRATEGY           : ON 
SPECIFY_END_TASKS          : OFF
MEMORY_POOL                : OFF
ALL_CYCLIC                 : OFF
/*********************************************/
endTask refcount: 64
--exec time : 0.0852301
endTask refcount: 4096
--exec time : 1.62023
total task num: 204864
remote_access_task_num:6120, local_access_task_num:411672, non_alloc_task_num:0
LOCAL ACCESS RETIO: 0.985352
exec time : 1.62023
total task num : 204864
total time: 1.876791
begin check
correct
50 8 8 28
----------------------------------------------
AceMesh Scheduler's Version Info:
Git Version Number: 305297d66e33248c6297da003b7c74cb0e0005b1 
git date: 2020-09-03 10:57:58
the Compile (Build) Time of this Lib is 2021-04-18 23:07:58
/*********************************************/
Current Configurations of the Scheduler:       
BASIC SCHEDULER            : ACEMESH_OWN 
DETAILED STRATEGY          : stack,
HIER_EXEC                  : OFF
CPU_BIND                   : ON 
PAR_REGISTER               : OFF
DAG_PARTITION              : NONE 
SCHEDULER_PROFILING        : OFF 
DEBUG_GRAPH                : OFF 
PAPI                       : OFF 
NOT_MPI_STRATEGY           : ON 
SPECIFY_END_TASKS          : OFF
MEMORY_POOL                : OFF
ALL_CYCLIC                 : OFF
/*********************************************/
endTask refcount: 64
--exec time : 0.0815631
endTask refcount: 4096
--exec time : 1.64864
total task num: 204864
remote_access_task_num:3226, local_access_task_num:414566, non_alloc_task_num:0
LOCAL ACCESS RETIO: 0.992278
exec time : 1.64864
total task num : 204864
total time: 1.870662
begin check
correct
